2023-08-07T13:58:24.221+03:00  INFO 52120 --- [restartedMain] c.a.atmProject.AtmProjectApplication     : Starting AtmProjectApplication using Java 20.0.1 with PID 52120 (C:\Users\atlla\OneDrive\Belgeler\intellijWS\atmProject\target\classes started by ATILLA in C:\Users\atlla\OneDrive\Belgeler\intellijWS\atmProject)
2023-08-07T13:58:24.227+03:00  INFO 52120 --- [restartedMain] c.a.atmProject.AtmProjectApplication     : No active profile set, falling back to 1 default profile: "default"
2023-08-07T13:58:24.276+03:00  INFO 52120 --- [restartedMain] .e.DevToolsPropertyDefaultsPostProcessor : Devtools property defaults active! Set 'spring.devtools.add-properties' to 'false' to disable
2023-08-07T13:58:24.276+03:00  INFO 52120 --- [restartedMain] .e.DevToolsPropertyDefaultsPostProcessor : For additional web related logging consider setting the 'logging.level.web' property to 'DEBUG'
2023-08-07T13:58:25.081+03:00  INFO 52120 --- [restartedMain] .s.d.r.c.RepositoryConfigurationDelegate : Bootstrapping Spring Data JPA repositories in DEFAULT mode.
2023-08-07T13:58:25.169+03:00  INFO 52120 --- [restartedMain] .s.d.r.c.RepositoryConfigurationDelegate : Finished Spring Data repository scanning in 80 ms. Found 4 JPA repository interfaces.
2023-08-07T13:58:25.820+03:00  INFO 52120 --- [restartedMain] o.s.b.w.embedded.tomcat.TomcatWebServer  : Tomcat initialized with port(s): 8080 (http)
2023-08-07T13:58:25.832+03:00  INFO 52120 --- [restartedMain] o.apache.catalina.core.StandardService   : Starting service [Tomcat]
2023-08-07T13:58:25.832+03:00  INFO 52120 --- [restartedMain] o.apache.catalina.core.StandardEngine    : Starting Servlet engine: [Apache Tomcat/10.1.11]
2023-08-07T13:58:25.876+03:00  INFO 52120 --- [restartedMain] o.a.c.c.C.[Tomcat].[localhost].[/]       : Initializing Spring embedded WebApplicationContext
2023-08-07T13:58:25.877+03:00  INFO 52120 --- [restartedMain] w.s.c.ServletWebServerApplicationContext : Root WebApplicationContext: initialization completed in 1600 ms
2023-08-07T13:58:26.038+03:00  INFO 52120 --- [restartedMain] o.hibernate.jpa.internal.util.LogHelper  : HHH000204: Processing PersistenceUnitInfo [name: default]
2023-08-07T13:58:26.087+03:00  INFO 52120 --- [restartedMain] org.hibernate.Version                    : HHH000412: Hibernate ORM core version 6.2.6.Final
2023-08-07T13:58:26.089+03:00  INFO 52120 --- [restartedMain] org.hibernate.cfg.Environment            : HHH000406: Using bytecode reflection optimizer
2023-08-07T13:58:26.093+03:00  WARN 52120 --- [restartedMain] org.hibernate.orm.deprecation            : HHH90000021: Encountered deprecated setting [javax.persistence.validation.mode], use [jakarta.persistence.validation.mode] instead
2023-08-07T13:58:26.210+03:00  INFO 52120 --- [restartedMain] o.h.b.i.BytecodeProviderInitiator        : HHH000021: Bytecode provider name : bytebuddy
2023-08-07T13:58:26.319+03:00  INFO 52120 --- [restartedMain] o.s.o.j.p.SpringPersistenceUnitInfo      : No LoadTimeWeaver setup: ignoring JPA class transformer
2023-08-07T13:58:26.332+03:00  INFO 52120 --- [restartedMain] com.zaxxer.hikari.HikariDataSource       : HikariPool-1 - Starting...
2023-08-07T13:58:26.485+03:00  INFO 52120 --- [restartedMain] com.zaxxer.hikari.pool.HikariPool        : HikariPool-1 - Added connection org.postgresql.jdbc.PgConnection@71fdb4ee
2023-08-07T13:58:26.487+03:00  INFO 52120 --- [restartedMain] com.zaxxer.hikari.HikariDataSource       : HikariPool-1 - Start completed.
2023-08-07T13:58:26.756+03:00  INFO 52120 --- [restartedMain] o.h.b.i.BytecodeProviderInitiator        : HHH000021: Bytecode provider name : bytebuddy
2023-08-07T13:58:27.225+03:00  INFO 52120 --- [restartedMain] o.h.e.t.j.p.i.JtaPlatformInitiator       : HHH000490: Using JtaPlatform implementation: [org.hibernate.engine.transaction.jta.platform.internal.NoJtaPlatform]
2023-08-07T13:58:27.327+03:00  INFO 52120 --- [restartedMain] j.LocalContainerEntityManagerFactoryBean : Initialized JPA EntityManagerFactory for persistence unit 'default'
2023-08-07T13:58:27.767+03:00  WARN 52120 --- [restartedMain] JpaBaseConfiguration$JpaWebConfiguration : spring.jpa.open-in-view is enabled by default. Therefore, database queries may be performed during view rendering. Explicitly configure spring.jpa.open-in-view to disable this warning
2023-08-07T13:58:28.684+03:00  WARN 52120 --- [restartedMain] ion$DefaultTemplateResolverConfiguration : Cannot find template location: classpath:/templates/ (please add some templates, check your Thymeleaf configuration, or set spring.thymeleaf.check-template-location=false)
2023-08-07T13:58:28.903+03:00  INFO 52120 --- [restartedMain] o.s.b.d.a.OptionalLiveReloadServer       : LiveReload server is running on port 35729
2023-08-07T13:58:28.952+03:00  INFO 52120 --- [restartedMain] o.s.b.w.embedded.tomcat.TomcatWebServer  : Tomcat started on port(s): 8080 (http) with context path ''
2023-08-07T13:58:28.965+03:00  INFO 52120 --- [restartedMain] c.a.atmProject.AtmProjectApplication     : Started AtmProjectApplication in 5.095 seconds (process running for 5.679)
2023-08-07T13:59:27.970+03:00  INFO 52120 --- [http-nio-8080-exec-1] o.a.c.c.C.[Tomcat].[localhost].[/]       : Initializing Spring DispatcherServlet 'dispatcherServlet'
2023-08-07T13:59:27.970+03:00  INFO 52120 --- [http-nio-8080-exec-1] o.s.web.servlet.DispatcherServlet        : Initializing Servlet 'dispatcherServlet'
2023-08-07T13:59:27.972+03:00  INFO 52120 --- [http-nio-8080-exec-1] o.s.web.servlet.DispatcherServlet        : Completed initialization in 2 ms
2023-08-07T14:01:01.619+03:00  INFO 52120 --- [SpringApplicationShutdownHook] j.LocalContainerEntityManagerFactoryBean : Closing JPA EntityManagerFactory for persistence unit 'default'
2023-08-07T14:01:01.621+03:00  INFO 52120 --- [SpringApplicationShutdownHook] com.zaxxer.hikari.HikariDataSource       : HikariPool-1 - Shutdown initiated...
2023-08-07T14:01:01.628+03:00  INFO 52120 --- [SpringApplicationShutdownHook] com.zaxxer.hikari.HikariDataSource       : HikariPool-1 - Shutdown completed.
